<?xml version="1.0" encoding="UTF-8"?>
<TestRun id="8c271cc7-854d-49c8-abdf-38abd48f37d1" name="pc1@PC1-PC 2013-12-17 16:31:21" runUser="pc1-PC\pc1" xmlns="http://microsoft.com/schemas/VisualStudio/TeamTest/2010">
  <TestSettings name="Local" id="559130f0-735b-433e-802d-ff43b49d5e85">
    <Description>These are default test settings for a local test run.</Description>
    <Deployment enabled="false" runDeploymentRoot="pc1_PC1-PC 2013-12-17 16_31_21">
      <DeploymentItem filename="C:\Users\pc1\Dropbox\PequenosProjetos\MarsRover\MarsRover\bin\Debug\MarsRover.exe" />
    </Deployment>
    <Execution>
      <TestTypeSpecific />
      <AgentRule name="Execution Agents">
      </AgentRule>
    </Execution>
  </TestSettings>
  <Times creation="2013-12-17T16:31:21.7366000-02:00" queuing="2013-12-17T16:31:21.7556000-02:00" start="2013-12-17T16:31:21.7906000-02:00" finish="2013-12-17T16:31:22.0926000-02:00" />
  <ResultSummary outcome="Failed">
    <Counters total="1" executed="1" error="0" failed="1" timeout="0" aborted="0" inconclusive="0" passedButRunAborted="0" notRunnable="0" notExecuted="0" disconnected="0" warning="0" passed="0" completed="0" inProgress="0" pending="0" />
  </ResultSummary>
  <TestDefinitions>
    <UnitTest name="TestMoveMethodException" storage="c:\users\pc1\dropbox\pequenosprojetos\marsrover\testproject1\bin\debug\testproject1.dll" id="40e8de6a-73a6-6b74-3779-40598a2cb57f">
      <Execution id="077f8001-5ece-4e1b-8c40-8cebe7f0acc1" />
      <TestMethod codeBase="C:/Users/pc1/Dropbox/PequenosProjetos/MarsRover/TestProject1/bin/Debug/TestProject1.DLL" adapterTypeName="Microsoft.VisualStudio.TestTools.TestTypes.Unit.UnitTestAdapter, Microsoft.VisualStudio.QualityTools.Tips.UnitTest.Adapter, Version=10.0.0.0, Culture=neutral, PublicKeyToken=b03f5f7f11d50a3a" className="TestProject1.RoverTest, TestProject1, Version=1.0.0.0, Culture=neutral, PublicKeyToken=null" name="TestMoveMethodException" />
    </UnitTest>
  </TestDefinitions>
  <TestLists>
    <TestList name="Results Not in a List" id="8c84fa94-04c1-424b-9868-57a2d4851a1d" />
    <TestList name="All Loaded Results" id="19431567-8539-422a-85d7-44ee4e166bda" />
  </TestLists>
  <TestEntries>
    <TestEntry testId="40e8de6a-73a6-6b74-3779-40598a2cb57f" executionId="077f8001-5ece-4e1b-8c40-8cebe7f0acc1" testListId="8c84fa94-04c1-424b-9868-57a2d4851a1d" />
  </TestEntries>
  <Results>
    <UnitTestResult executionId="077f8001-5ece-4e1b-8c40-8cebe7f0acc1" testId="40e8de6a-73a6-6b74-3779-40598a2cb57f" testName="TestMoveMethodException" computerName="PC1-PC" duration="00:00:00.0339071" startTime="2013-12-17T16:31:21.8036000-02:00" endTime="2013-12-17T16:31:22.0576000-02:00" testType="13cdc9d9-ddb5-4fa4-a97d-d965ccfc6d4b" outcome="Failed" testListId="8c84fa94-04c1-424b-9868-57a2d4851a1d" relativeResultsDirectory="077f8001-5ece-4e1b-8c40-8cebe7f0acc1">
      <Output>
        <ErrorInfo>
          <Message>Test method TestProject1.RoverTest.TestMoveMethodException did not throw expected exception MarsRover.OutOfBoundsException.</Message>
        </ErrorInfo>
      </Output>
    </UnitTestResult>
  </Results>
</TestRun>