<?xml version="1.0" encoding="UTF-8"?>
<TestRun id="60e3d0bb-893a-4093-8c13-a1b3d6b4444a" name="pc1@PC1-PC 2013-12-17 16:56:28" runUser="pc1-PC\pc1" xmlns="http://microsoft.com/schemas/VisualStudio/TeamTest/2010">
  <TestSettings name="Local" id="559130f0-735b-433e-802d-ff43b49d5e85">
    <Description>These are default test settings for a local test run.</Description>
    <Deployment enabled="false" runDeploymentRoot="pc1_PC1-PC 2013-12-17 16_56_28">
      <DeploymentItem filename="C:\Users\pc1\Dropbox\PequenosProjetos\MarsRover\MarsRover\bin\Debug\MarsRover.exe" />
      <DeploymentItem filename="C:\Users\pc1\Dropbox\PequenosProjetos\MarsRover\packages\NUnit.2.6.3\lib\nunit.framework.dll" />
    </Deployment>
    <Execution>
      <TestTypeSpecific />
      <AgentRule name="Execution Agents">
      </AgentRule>
    </Execution>
  </TestSettings>
  <Times creation="2013-12-17T16:56:28.7982000-02:00" queuing="2013-12-17T16:56:28.8192000-02:00" start="2013-12-17T16:56:28.8622000-02:00" finish="2013-12-17T16:56:29.2282000-02:00" />
  <ResultSummary outcome="Completed">
    <Counters total="1" executed="1" passed="1" error="0" failed="0" timeout="0" aborted="0" inconclusive="0" passedButRunAborted="0" notRunnable="0" notExecuted="0" disconnected="0" warning="0" completed="0" inProgress="0" pending="0" />
  </ResultSummary>
  <TestDefinitions>
    <UnitTest name="TestTurnRight90DegreesMethod" storage="c:\users\pc1\dropbox\pequenosprojetos\marsrover\testproject1\bin\debug\testproject1.dll" id="8df1ef3b-bc4b-e2e6-17c2-0df6e11cb7e0">
      <Execution id="ea8ad8df-b958-4a1d-b241-86e7b5f9dbf9" />
      <TestMethod codeBase="C:/Users/pc1/Dropbox/PequenosProjetos/MarsRover/TestProject1/bin/Debug/TestProject1.DLL" adapterTypeName="Microsoft.VisualStudio.TestTools.TestTypes.Unit.UnitTestAdapter, Microsoft.VisualStudio.QualityTools.Tips.UnitTest.Adapter, Version=10.0.0.0, Culture=neutral, PublicKeyToken=b03f5f7f11d50a3a" className="TestProject1.RoverTest, TestProject1, Version=1.0.0.0, Culture=neutral, PublicKeyToken=null" name="TestTurnRight90DegreesMethod" />
    </UnitTest>
  </TestDefinitions>
  <TestLists>
    <TestList name="Results Not in a List" id="8c84fa94-04c1-424b-9868-57a2d4851a1d" />
    <TestList name="All Loaded Results" id="19431567-8539-422a-85d7-44ee4e166bda" />
  </TestLists>
  <TestEntries>
    <TestEntry testId="8df1ef3b-bc4b-e2e6-17c2-0df6e11cb7e0" executionId="ea8ad8df-b958-4a1d-b241-86e7b5f9dbf9" testListId="8c84fa94-04c1-424b-9868-57a2d4851a1d" />
  </TestEntries>
  <Results>
    <UnitTestResult executionId="ea8ad8df-b958-4a1d-b241-86e7b5f9dbf9" testId="8df1ef3b-bc4b-e2e6-17c2-0df6e11cb7e0" testName="TestTurnRight90DegreesMethod" computerName="PC1-PC" duration="00:00:00.0783005" startTime="2013-12-17T16:56:28.8682000-02:00" endTime="2013-12-17T16:56:29.2002000-02:00" testType="13cdc9d9-ddb5-4fa4-a97d-d965ccfc6d4b" outcome="Passed" testListId="8c84fa94-04c1-424b-9868-57a2d4851a1d" relativeResultsDirectory="ea8ad8df-b958-4a1d-b241-86e7b5f9dbf9">
    </UnitTestResult>
  </Results>
</TestRun>