<?xml version="1.0" encoding="UTF-8"?>
<TestRun id="2e86b108-d52d-421a-b831-1d4cc42ee2e5" name="pc1@PC1-PC 2013-12-17 16:59:13" runUser="pc1-PC\pc1" xmlns="http://microsoft.com/schemas/VisualStudio/TeamTest/2010">
  <TestSettings name="Local" id="559130f0-735b-433e-802d-ff43b49d5e85">
    <Description>These are default test settings for a local test run.</Description>
    <Deployment enabled="false" runDeploymentRoot="pc1_PC1-PC 2013-12-17 16_59_13">
      <DeploymentItem filename="C:\Users\pc1\Dropbox\PequenosProjetos\MarsRover\MarsRover\bin\Debug\MarsRover.exe" />
      <DeploymentItem filename="C:\Users\pc1\Dropbox\PequenosProjetos\MarsRover\packages\NUnit.2.6.3\lib\nunit.framework.dll" />
    </Deployment>
    <Execution>
      <TestTypeSpecific />
      <AgentRule name="Execution Agents">
      </AgentRule>
    </Execution>
  </TestSettings>
  <Times creation="2013-12-17T16:59:13.2242000-02:00" queuing="2013-12-17T16:59:13.2472000-02:00" start="2013-12-17T16:59:13.2662000-02:00" finish="2013-12-17T16:59:13.5292000-02:00" />
  <ResultSummary outcome="Completed">
    <Counters total="1" executed="1" passed="1" error="0" failed="0" timeout="0" aborted="0" inconclusive="0" passedButRunAborted="0" notRunnable="0" notExecuted="0" disconnected="0" warning="0" completed="0" inProgress="0" pending="0" />
  </ResultSummary>
  <TestDefinitions>
    <UnitTest name="TestMoveMethod" storage="c:\users\pc1\dropbox\pequenosprojetos\marsrover\testproject1\bin\debug\testproject1.dll" id="6ea581c9-bd42-4719-5380-8e567eb988ae">
      <Execution id="40c9c281-c59d-44b0-99b1-51762fd582de" />
      <TestMethod codeBase="C:/Users/pc1/Dropbox/PequenosProjetos/MarsRover/TestProject1/bin/Debug/TestProject1.DLL" adapterTypeName="Microsoft.VisualStudio.TestTools.TestTypes.Unit.UnitTestAdapter, Microsoft.VisualStudio.QualityTools.Tips.UnitTest.Adapter, Version=10.0.0.0, Culture=neutral, PublicKeyToken=b03f5f7f11d50a3a" className="TestProject1.RoverTest, TestProject1, Version=1.0.0.0, Culture=neutral, PublicKeyToken=null" name="TestMoveMethod" />
    </UnitTest>
  </TestDefinitions>
  <TestLists>
    <TestList name="Results Not in a List" id="8c84fa94-04c1-424b-9868-57a2d4851a1d" />
    <TestList name="All Loaded Results" id="19431567-8539-422a-85d7-44ee4e166bda" />
  </TestLists>
  <TestEntries>
    <TestEntry testId="6ea581c9-bd42-4719-5380-8e567eb988ae" executionId="40c9c281-c59d-44b0-99b1-51762fd582de" testListId="8c84fa94-04c1-424b-9868-57a2d4851a1d" />
  </TestEntries>
  <Results>
    <UnitTestResult executionId="40c9c281-c59d-44b0-99b1-51762fd582de" testId="6ea581c9-bd42-4719-5380-8e567eb988ae" testName="TestMoveMethod" computerName="PC1-PC" duration="00:00:00.0236150" startTime="2013-12-17T16:59:13.2852000-02:00" endTime="2013-12-17T16:59:13.5032000-02:00" testType="13cdc9d9-ddb5-4fa4-a97d-d965ccfc6d4b" outcome="Passed" testListId="8c84fa94-04c1-424b-9868-57a2d4851a1d" relativeResultsDirectory="40c9c281-c59d-44b0-99b1-51762fd582de">
    </UnitTestResult>
  </Results>
</TestRun>